<?xml version="1.0" encoding="UTF-8"?>
<testng-results skipped="0" failed="0" ignored="0" total="6" passed="6">
  <reporter-output>
  </reporter-output>
  <suite name="CrossAsyst-Project" duration-ms="65469" started-at="2020-04-05T19:33:17 IST" finished-at="2020-04-05T19:34:23 IST">
    <groups>
    </groups>
    <test name="CrossAsyst-Project test cases" duration-ms="65469" started-at="2020-04-05T19:33:17 IST" finished-at="2020-04-05T19:34:23 IST">
      <class name="sampleTests.TestCases">
        <test-method status="PASS" signature="setup()[pri:0, instance:sampleTests.TestCases@527740a2]" name="setup" is-config="true" duration-ms="20240" started-at="2020-04-05T19:33:17 IST" finished-at="2020-04-05T19:33:38 IST">
          <reporter-output>
          </reporter-output>
        </test-method> <!-- setup -->
        <test-method status="PASS" signature="signUp()[pri:1, instance:sampleTests.TestCases@527740a2]" name="signUp" duration-ms="10254" started-at="2020-04-05T19:33:38 IST" finished-at="2020-04-05T19:33:48 IST">
          <reporter-output>
          </reporter-output>
        </test-method> <!-- signUp -->
        <test-method status="PASS" signature="signOut()[pri:2, instance:sampleTests.TestCases@527740a2]" name="signOut" duration-ms="3351" started-at="2020-04-05T19:33:48 IST" finished-at="2020-04-05T19:33:51 IST">
          <reporter-output>
          </reporter-output>
        </test-method> <!-- signOut -->
        <test-method status="PASS" signature="signIn()[pri:3, instance:sampleTests.TestCases@527740a2]" name="signIn" duration-ms="5329" started-at="2020-04-05T19:33:51 IST" finished-at="2020-04-05T19:33:57 IST">
          <reporter-output>
          </reporter-output>
        </test-method> <!-- signIn -->
        <test-method status="PASS" signature="selectProduct()[pri:4, instance:sampleTests.TestCases@527740a2]" name="selectProduct" duration-ms="9133" started-at="2020-04-05T19:33:57 IST" finished-at="2020-04-05T19:34:06 IST">
          <reporter-output>
          </reporter-output>
        </test-method> <!-- selectProduct -->
        <test-method status="PASS" signature="checkoutandPaymentProcess()[pri:5, instance:sampleTests.TestCases@527740a2]" name="checkoutandPaymentProcess" duration-ms="13786" started-at="2020-04-05T19:34:06 IST" finished-at="2020-04-05T19:34:20 IST">
          <reporter-output>
          </reporter-output>
        </test-method> <!-- checkoutandPaymentProcess -->
        <test-method status="PASS" signature="checkamountoforder_OrderHistory()[pri:6, instance:sampleTests.TestCases@527740a2]" name="checkamountoforder_OrderHistory" duration-ms="3284" started-at="2020-04-05T19:34:20 IST" finished-at="2020-04-05T19:34:23 IST">
          <reporter-output>
          </reporter-output>
        </test-method> <!-- checkamountoforder_OrderHistory -->
        <test-method status="PASS" signature="close()[pri:0, instance:sampleTests.TestCases@527740a2]" name="close" is-config="true" duration-ms="55" started-at="2020-04-05T19:34:23 IST" finished-at="2020-04-05T19:34:23 IST">
          <reporter-output>
          </reporter-output>
        </test-method> <!-- close -->
      </class> <!-- sampleTests.TestCases -->
    </test> <!-- CrossAsyst-Project test cases -->
  </suite> <!-- CrossAsyst-Project -->
</testng-results>
